<?xml version="1.0" encoding="UTF-8"?>
<!-- Generated by org.testng.reporters.JUnitXMLReporter -->
<testsuite ignored="0" hostname="DESKTOP-M5OA37U" failures="1" tests="1" name="Test" time="12.841" errors="0" timestamp="2020-10-05T14:21:27 ART">
  <testcase classname="com.guru99.test.LoginTest" name="verifyLoginWithCorrectCredentials" time="1.464">
    <failure type="java.lang.AssertionError" message="expected [Guru99 Bank Manager Home Page] but found [Guru99 Bank Manager HomePage]">
      <![CDATA[java.lang.AssertionError: expected [Guru99 Bank Manager Home Page] but found [Guru99 Bank Manager HomePage]
at com.guru99.test.LoginTest.verifyLoginWithCorrectCredentials(LoginTest.java:25)
at java.base/java.util.ArrayList.forEach(ArrayList.java:1511)
... Removed 33 stack frames]]>
    </failure>
  </testcase> <!-- verifyLoginWithCorrectCredentials -->
</testsuite> <!-- Test -->
